<?xml version="1.0" encoding="UTF-8"?>
<!-- Generated by org.testng.reporters.JUnitReportReporter -->
<testsuite hostname="POZMWCOE21986" name="eTMF1.eTMF2.Logging" tests="1" failures="0" timestamp="8 Jul 2014 14:24:22 GMT" time="9.891" errors="0">
  <testcase name="login" time="9.891" classname="eTMF1.eTMF2.Logging"/>
</testsuite> <!-- eTMF1.eTMF2.Logging -->
